[2024-09-11T10:16:45.605+0000] {processor.py:186} INFO - Started process (PID=177) to work on /opt/airflow/dags/my_dag.py
[2024-09-11T10:16:45.605+0000] {processor.py:914} INFO - Processing file /opt/airflow/dags/my_dag.py for tasks to queue
[2024-09-11T10:16:45.607+0000] {logging_mixin.py:190} INFO - [2024-09-11T10:16:45.606+0000] {dagbag.py:587} INFO - Filling up the DagBag from /opt/airflow/dags/my_dag.py
[2024-09-11T10:16:45.616+0000] {processor.py:925} INFO - DAG(s) 'simple_dag_example' retrieved from /opt/airflow/dags/my_dag.py
[2024-09-11T10:16:45.635+0000] {logging_mixin.py:190} INFO - [2024-09-11T10:16:45.635+0000] {dag.py:3229} INFO - Sync 1 DAGs
[2024-09-11T10:16:45.651+0000] {logging_mixin.py:190} INFO - [2024-09-11T10:16:45.650+0000] {dag.py:4156} INFO - Setting next_dagrun for simple_dag_example to 2023-09-10 00:00:00+00:00, run_after=2023-09-11 00:00:00+00:00
[2024-09-11T10:16:45.663+0000] {processor.py:208} INFO - Processing /opt/airflow/dags/my_dag.py took 0.062 seconds
[2024-09-11T10:17:15.806+0000] {processor.py:186} INFO - Started process (PID=184) to work on /opt/airflow/dags/my_dag.py
[2024-09-11T10:17:15.807+0000] {processor.py:914} INFO - Processing file /opt/airflow/dags/my_dag.py for tasks to queue
[2024-09-11T10:17:15.810+0000] {logging_mixin.py:190} INFO - [2024-09-11T10:17:15.810+0000] {dagbag.py:587} INFO - Filling up the DagBag from /opt/airflow/dags/my_dag.py
[2024-09-11T10:17:15.823+0000] {processor.py:925} INFO - DAG(s) 'simple_dag_example' retrieved from /opt/airflow/dags/my_dag.py
[2024-09-11T10:17:15.838+0000] {logging_mixin.py:190} INFO - [2024-09-11T10:17:15.838+0000] {dag.py:3229} INFO - Sync 1 DAGs
[2024-09-11T10:17:15.851+0000] {logging_mixin.py:190} INFO - [2024-09-11T10:17:15.851+0000] {dag.py:4156} INFO - Setting next_dagrun for simple_dag_example to 2023-09-10 00:00:00+00:00, run_after=2023-09-11 00:00:00+00:00
[2024-09-11T10:17:15.859+0000] {processor.py:208} INFO - Processing /opt/airflow/dags/my_dag.py took 0.062 seconds
[2024-09-11T10:17:46.069+0000] {processor.py:186} INFO - Started process (PID=191) to work on /opt/airflow/dags/my_dag.py
[2024-09-11T10:17:46.070+0000] {processor.py:914} INFO - Processing file /opt/airflow/dags/my_dag.py for tasks to queue
[2024-09-11T10:17:46.072+0000] {logging_mixin.py:190} INFO - [2024-09-11T10:17:46.072+0000] {dagbag.py:587} INFO - Filling up the DagBag from /opt/airflow/dags/my_dag.py
[2024-09-11T10:17:46.080+0000] {processor.py:925} INFO - DAG(s) 'simple_dag_example' retrieved from /opt/airflow/dags/my_dag.py
[2024-09-11T10:17:46.094+0000] {logging_mixin.py:190} INFO - [2024-09-11T10:17:46.094+0000] {dag.py:3229} INFO - Sync 1 DAGs
[2024-09-11T10:17:46.106+0000] {logging_mixin.py:190} INFO - [2024-09-11T10:17:46.106+0000] {dag.py:4156} INFO - Setting next_dagrun for simple_dag_example to 2023-09-10 00:00:00+00:00, run_after=2023-09-11 00:00:00+00:00
[2024-09-11T10:17:46.196+0000] {processor.py:208} INFO - Processing /opt/airflow/dags/my_dag.py took 0.131 seconds
[2024-09-11T10:18:16.284+0000] {processor.py:186} INFO - Started process (PID=198) to work on /opt/airflow/dags/my_dag.py
[2024-09-11T10:18:16.286+0000] {processor.py:914} INFO - Processing file /opt/airflow/dags/my_dag.py for tasks to queue
[2024-09-11T10:18:16.291+0000] {logging_mixin.py:190} INFO - [2024-09-11T10:18:16.290+0000] {dagbag.py:587} INFO - Filling up the DagBag from /opt/airflow/dags/my_dag.py
[2024-09-11T10:18:16.310+0000] {processor.py:925} INFO - DAG(s) 'simple_dag_example' retrieved from /opt/airflow/dags/my_dag.py
[2024-09-11T10:18:16.324+0000] {logging_mixin.py:190} INFO - [2024-09-11T10:18:16.324+0000] {dag.py:3229} INFO - Sync 1 DAGs
[2024-09-11T10:18:16.421+0000] {logging_mixin.py:190} INFO - [2024-09-11T10:18:16.421+0000] {dag.py:4156} INFO - Setting next_dagrun for simple_dag_example to 2023-09-10 00:00:00+00:00, run_after=2023-09-11 00:00:00+00:00
[2024-09-11T10:18:16.431+0000] {processor.py:208} INFO - Processing /opt/airflow/dags/my_dag.py took 0.162 seconds
[2024-09-11T10:18:46.606+0000] {processor.py:186} INFO - Started process (PID=205) to work on /opt/airflow/dags/my_dag.py
[2024-09-11T10:18:46.607+0000] {processor.py:914} INFO - Processing file /opt/airflow/dags/my_dag.py for tasks to queue
[2024-09-11T10:18:46.608+0000] {logging_mixin.py:190} INFO - [2024-09-11T10:18:46.608+0000] {dagbag.py:587} INFO - Filling up the DagBag from /opt/airflow/dags/my_dag.py
[2024-09-11T10:18:46.617+0000] {processor.py:925} INFO - DAG(s) 'simple_dag_example' retrieved from /opt/airflow/dags/my_dag.py
[2024-09-11T10:18:46.636+0000] {logging_mixin.py:190} INFO - [2024-09-11T10:18:46.636+0000] {dag.py:3229} INFO - Sync 1 DAGs
[2024-09-11T10:18:46.731+0000] {logging_mixin.py:190} INFO - [2024-09-11T10:18:46.731+0000] {dag.py:4156} INFO - Setting next_dagrun for simple_dag_example to 2023-09-10 00:00:00+00:00, run_after=2023-09-11 00:00:00+00:00
[2024-09-11T10:18:46.740+0000] {processor.py:208} INFO - Processing /opt/airflow/dags/my_dag.py took 0.141 seconds
[2024-09-11T10:19:16.869+0000] {processor.py:186} INFO - Started process (PID=212) to work on /opt/airflow/dags/my_dag.py
[2024-09-11T10:19:16.871+0000] {processor.py:914} INFO - Processing file /opt/airflow/dags/my_dag.py for tasks to queue
[2024-09-11T10:19:16.875+0000] {logging_mixin.py:190} INFO - [2024-09-11T10:19:16.874+0000] {dagbag.py:587} INFO - Filling up the DagBag from /opt/airflow/dags/my_dag.py
[2024-09-11T10:19:16.886+0000] {processor.py:925} INFO - DAG(s) 'simple_dag_example' retrieved from /opt/airflow/dags/my_dag.py
[2024-09-11T10:19:16.900+0000] {logging_mixin.py:190} INFO - [2024-09-11T10:19:16.900+0000] {dag.py:3229} INFO - Sync 1 DAGs
[2024-09-11T10:19:16.914+0000] {logging_mixin.py:190} INFO - [2024-09-11T10:19:16.914+0000] {dag.py:4156} INFO - Setting next_dagrun for simple_dag_example to 2023-09-10 00:00:00+00:00, run_after=2023-09-11 00:00:00+00:00
[2024-09-11T10:19:16.922+0000] {processor.py:208} INFO - Processing /opt/airflow/dags/my_dag.py took 0.064 seconds
[2024-09-11T10:19:47.128+0000] {processor.py:186} INFO - Started process (PID=219) to work on /opt/airflow/dags/my_dag.py
[2024-09-11T10:19:47.129+0000] {processor.py:914} INFO - Processing file /opt/airflow/dags/my_dag.py for tasks to queue
[2024-09-11T10:19:47.134+0000] {logging_mixin.py:190} INFO - [2024-09-11T10:19:47.133+0000] {dagbag.py:587} INFO - Filling up the DagBag from /opt/airflow/dags/my_dag.py
[2024-09-11T10:19:47.143+0000] {processor.py:925} INFO - DAG(s) 'simple_dag_example' retrieved from /opt/airflow/dags/my_dag.py
[2024-09-11T10:19:47.159+0000] {logging_mixin.py:190} INFO - [2024-09-11T10:19:47.159+0000] {dag.py:3229} INFO - Sync 1 DAGs
[2024-09-11T10:19:47.172+0000] {logging_mixin.py:190} INFO - [2024-09-11T10:19:47.172+0000] {dag.py:4156} INFO - Setting next_dagrun for simple_dag_example to 2023-09-10 00:00:00+00:00, run_after=2023-09-11 00:00:00+00:00
[2024-09-11T10:19:47.182+0000] {processor.py:208} INFO - Processing /opt/airflow/dags/my_dag.py took 0.067 seconds
[2024-09-11T10:20:17.382+0000] {processor.py:186} INFO - Started process (PID=226) to work on /opt/airflow/dags/my_dag.py
[2024-09-11T10:20:17.383+0000] {processor.py:914} INFO - Processing file /opt/airflow/dags/my_dag.py for tasks to queue
[2024-09-11T10:20:17.387+0000] {logging_mixin.py:190} INFO - [2024-09-11T10:20:17.386+0000] {dagbag.py:587} INFO - Filling up the DagBag from /opt/airflow/dags/my_dag.py
[2024-09-11T10:20:17.402+0000] {processor.py:925} INFO - DAG(s) 'simple_dag_example' retrieved from /opt/airflow/dags/my_dag.py
[2024-09-11T10:20:17.423+0000] {logging_mixin.py:190} INFO - [2024-09-11T10:20:17.423+0000] {dag.py:3229} INFO - Sync 1 DAGs
[2024-09-11T10:20:17.455+0000] {logging_mixin.py:190} INFO - [2024-09-11T10:20:17.454+0000] {dag.py:4156} INFO - Setting next_dagrun for simple_dag_example to 2023-09-10 00:00:00+00:00, run_after=2023-09-11 00:00:00+00:00
[2024-09-11T10:20:17.473+0000] {processor.py:208} INFO - Processing /opt/airflow/dags/my_dag.py took 0.097 seconds
[2024-09-11T10:20:47.634+0000] {processor.py:186} INFO - Started process (PID=233) to work on /opt/airflow/dags/my_dag.py
[2024-09-11T10:20:47.634+0000] {processor.py:914} INFO - Processing file /opt/airflow/dags/my_dag.py for tasks to queue
[2024-09-11T10:20:47.636+0000] {logging_mixin.py:190} INFO - [2024-09-11T10:20:47.636+0000] {dagbag.py:587} INFO - Filling up the DagBag from /opt/airflow/dags/my_dag.py
[2024-09-11T10:20:47.643+0000] {processor.py:925} INFO - DAG(s) 'simple_dag_example' retrieved from /opt/airflow/dags/my_dag.py
[2024-09-11T10:20:47.665+0000] {logging_mixin.py:190} INFO - [2024-09-11T10:20:47.665+0000] {dag.py:3229} INFO - Sync 1 DAGs
[2024-09-11T10:20:47.718+0000] {logging_mixin.py:190} INFO - [2024-09-11T10:20:47.717+0000] {dag.py:4156} INFO - Setting next_dagrun for simple_dag_example to 2023-09-10 00:00:00+00:00, run_after=2023-09-11 00:00:00+00:00
[2024-09-11T10:20:47.824+0000] {processor.py:208} INFO - Processing /opt/airflow/dags/my_dag.py took 0.194 seconds
[2024-09-11T10:21:17.944+0000] {processor.py:186} INFO - Started process (PID=241) to work on /opt/airflow/dags/my_dag.py
[2024-09-11T10:21:17.946+0000] {processor.py:914} INFO - Processing file /opt/airflow/dags/my_dag.py for tasks to queue
[2024-09-11T10:21:17.950+0000] {logging_mixin.py:190} INFO - [2024-09-11T10:21:17.950+0000] {dagbag.py:587} INFO - Filling up the DagBag from /opt/airflow/dags/my_dag.py
[2024-09-11T10:21:17.967+0000] {processor.py:925} INFO - DAG(s) 'simple_dag_example' retrieved from /opt/airflow/dags/my_dag.py
[2024-09-11T10:21:17.985+0000] {logging_mixin.py:190} INFO - [2024-09-11T10:21:17.985+0000] {dag.py:3229} INFO - Sync 1 DAGs
[2024-09-11T10:21:18.083+0000] {logging_mixin.py:190} INFO - [2024-09-11T10:21:18.083+0000] {dag.py:4156} INFO - Setting next_dagrun for simple_dag_example to 2023-09-10 00:00:00+00:00, run_after=2023-09-11 00:00:00+00:00
[2024-09-11T10:21:18.092+0000] {processor.py:208} INFO - Processing /opt/airflow/dags/my_dag.py took 0.159 seconds
[2024-09-11T10:21:48.289+0000] {processor.py:186} INFO - Started process (PID=249) to work on /opt/airflow/dags/my_dag.py
[2024-09-11T10:21:48.290+0000] {processor.py:914} INFO - Processing file /opt/airflow/dags/my_dag.py for tasks to queue
[2024-09-11T10:21:48.291+0000] {logging_mixin.py:190} INFO - [2024-09-11T10:21:48.291+0000] {dagbag.py:587} INFO - Filling up the DagBag from /opt/airflow/dags/my_dag.py
[2024-09-11T10:21:48.300+0000] {processor.py:925} INFO - DAG(s) 'simple_dag_example' retrieved from /opt/airflow/dags/my_dag.py
[2024-09-11T10:21:48.396+0000] {logging_mixin.py:190} INFO - [2024-09-11T10:21:48.396+0000] {dag.py:3229} INFO - Sync 1 DAGs
[2024-09-11T10:21:48.407+0000] {logging_mixin.py:190} INFO - [2024-09-11T10:21:48.407+0000] {dag.py:4156} INFO - Setting next_dagrun for simple_dag_example to 2023-09-10 00:00:00+00:00, run_after=2023-09-11 00:00:00+00:00
[2024-09-11T10:21:48.415+0000] {processor.py:208} INFO - Processing /opt/airflow/dags/my_dag.py took 0.129 seconds
[2024-09-11T10:22:18.541+0000] {processor.py:186} INFO - Started process (PID=256) to work on /opt/airflow/dags/my_dag.py
[2024-09-11T10:22:18.542+0000] {processor.py:914} INFO - Processing file /opt/airflow/dags/my_dag.py for tasks to queue
[2024-09-11T10:22:18.543+0000] {logging_mixin.py:190} INFO - [2024-09-11T10:22:18.543+0000] {dagbag.py:587} INFO - Filling up the DagBag from /opt/airflow/dags/my_dag.py
[2024-09-11T10:22:18.552+0000] {processor.py:925} INFO - DAG(s) 'simple_dag_example' retrieved from /opt/airflow/dags/my_dag.py
[2024-09-11T10:22:18.567+0000] {logging_mixin.py:190} INFO - [2024-09-11T10:22:18.567+0000] {dag.py:3229} INFO - Sync 1 DAGs
[2024-09-11T10:22:18.580+0000] {logging_mixin.py:190} INFO - [2024-09-11T10:22:18.580+0000] {dag.py:4156} INFO - Setting next_dagrun for simple_dag_example to 2023-09-10 00:00:00+00:00, run_after=2023-09-11 00:00:00+00:00
[2024-09-11T10:22:18.591+0000] {processor.py:208} INFO - Processing /opt/airflow/dags/my_dag.py took 0.053 seconds
[2024-09-11T10:22:48.805+0000] {processor.py:186} INFO - Started process (PID=263) to work on /opt/airflow/dags/my_dag.py
[2024-09-11T10:22:48.806+0000] {processor.py:914} INFO - Processing file /opt/airflow/dags/my_dag.py for tasks to queue
[2024-09-11T10:22:48.809+0000] {logging_mixin.py:190} INFO - [2024-09-11T10:22:48.808+0000] {dagbag.py:587} INFO - Filling up the DagBag from /opt/airflow/dags/my_dag.py
[2024-09-11T10:22:48.822+0000] {processor.py:925} INFO - DAG(s) 'simple_dag_example' retrieved from /opt/airflow/dags/my_dag.py
[2024-09-11T10:22:48.838+0000] {logging_mixin.py:190} INFO - [2024-09-11T10:22:48.838+0000] {dag.py:3229} INFO - Sync 1 DAGs
[2024-09-11T10:22:48.851+0000] {logging_mixin.py:190} INFO - [2024-09-11T10:22:48.851+0000] {dag.py:4156} INFO - Setting next_dagrun for simple_dag_example to 2023-09-10 00:00:00+00:00, run_after=2023-09-11 00:00:00+00:00
[2024-09-11T10:22:48.860+0000] {processor.py:208} INFO - Processing /opt/airflow/dags/my_dag.py took 0.070 seconds
[2024-09-11T10:23:19.109+0000] {processor.py:186} INFO - Started process (PID=270) to work on /opt/airflow/dags/my_dag.py
[2024-09-11T10:23:19.110+0000] {processor.py:914} INFO - Processing file /opt/airflow/dags/my_dag.py for tasks to queue
[2024-09-11T10:23:19.113+0000] {logging_mixin.py:190} INFO - [2024-09-11T10:23:19.112+0000] {dagbag.py:587} INFO - Filling up the DagBag from /opt/airflow/dags/my_dag.py
[2024-09-11T10:23:19.138+0000] {processor.py:925} INFO - DAG(s) 'simple_dag_example' retrieved from /opt/airflow/dags/my_dag.py
[2024-09-11T10:23:19.177+0000] {logging_mixin.py:190} INFO - [2024-09-11T10:23:19.176+0000] {dag.py:3229} INFO - Sync 1 DAGs
[2024-09-11T10:23:19.195+0000] {logging_mixin.py:190} INFO - [2024-09-11T10:23:19.195+0000] {dag.py:4156} INFO - Setting next_dagrun for simple_dag_example to 2023-09-10 00:00:00+00:00, run_after=2023-09-11 00:00:00+00:00
[2024-09-11T10:23:19.205+0000] {processor.py:208} INFO - Processing /opt/airflow/dags/my_dag.py took 0.103 seconds
[2024-09-11T10:23:49.372+0000] {processor.py:186} INFO - Started process (PID=277) to work on /opt/airflow/dags/my_dag.py
[2024-09-11T10:23:49.373+0000] {processor.py:914} INFO - Processing file /opt/airflow/dags/my_dag.py for tasks to queue
[2024-09-11T10:23:49.375+0000] {logging_mixin.py:190} INFO - [2024-09-11T10:23:49.375+0000] {dagbag.py:587} INFO - Filling up the DagBag from /opt/airflow/dags/my_dag.py
[2024-09-11T10:23:49.384+0000] {processor.py:925} INFO - DAG(s) 'simple_dag_example' retrieved from /opt/airflow/dags/my_dag.py
[2024-09-11T10:23:49.406+0000] {logging_mixin.py:190} INFO - [2024-09-11T10:23:49.406+0000] {dag.py:3229} INFO - Sync 1 DAGs
[2024-09-11T10:23:49.517+0000] {logging_mixin.py:190} INFO - [2024-09-11T10:23:49.517+0000] {dag.py:4156} INFO - Setting next_dagrun for simple_dag_example to 2023-09-10 00:00:00+00:00, run_after=2023-09-11 00:00:00+00:00
[2024-09-11T10:23:49.526+0000] {processor.py:208} INFO - Processing /opt/airflow/dags/my_dag.py took 0.167 seconds
[2024-09-11T10:24:19.704+0000] {processor.py:186} INFO - Started process (PID=284) to work on /opt/airflow/dags/my_dag.py
[2024-09-11T10:24:19.705+0000] {processor.py:914} INFO - Processing file /opt/airflow/dags/my_dag.py for tasks to queue
[2024-09-11T10:24:19.707+0000] {logging_mixin.py:190} INFO - [2024-09-11T10:24:19.707+0000] {dagbag.py:587} INFO - Filling up the DagBag from /opt/airflow/dags/my_dag.py
[2024-09-11T10:24:19.716+0000] {processor.py:925} INFO - DAG(s) 'simple_dag_example' retrieved from /opt/airflow/dags/my_dag.py
[2024-09-11T10:24:19.737+0000] {logging_mixin.py:190} INFO - [2024-09-11T10:24:19.737+0000] {dag.py:3229} INFO - Sync 1 DAGs
[2024-09-11T10:24:19.836+0000] {logging_mixin.py:190} INFO - [2024-09-11T10:24:19.836+0000] {dag.py:4156} INFO - Setting next_dagrun for simple_dag_example to 2023-09-10 00:00:00+00:00, run_after=2023-09-11 00:00:00+00:00
[2024-09-11T10:24:19.844+0000] {processor.py:208} INFO - Processing /opt/airflow/dags/my_dag.py took 0.151 seconds
[2024-09-11T10:24:50.035+0000] {processor.py:186} INFO - Started process (PID=291) to work on /opt/airflow/dags/my_dag.py
[2024-09-11T10:24:50.038+0000] {processor.py:914} INFO - Processing file /opt/airflow/dags/my_dag.py for tasks to queue
[2024-09-11T10:24:50.047+0000] {logging_mixin.py:190} INFO - [2024-09-11T10:24:50.046+0000] {dagbag.py:587} INFO - Filling up the DagBag from /opt/airflow/dags/my_dag.py
[2024-09-11T10:24:50.066+0000] {processor.py:925} INFO - DAG(s) 'simple_dag_example' retrieved from /opt/airflow/dags/my_dag.py
[2024-09-11T10:24:50.080+0000] {logging_mixin.py:190} INFO - [2024-09-11T10:24:50.080+0000] {dag.py:3229} INFO - Sync 1 DAGs
[2024-09-11T10:24:50.093+0000] {logging_mixin.py:190} INFO - [2024-09-11T10:24:50.093+0000] {dag.py:4156} INFO - Setting next_dagrun for simple_dag_example to 2023-09-10 00:00:00+00:00, run_after=2023-09-11 00:00:00+00:00
[2024-09-11T10:24:50.102+0000] {processor.py:208} INFO - Processing /opt/airflow/dags/my_dag.py took 0.076 seconds
[2024-09-11T10:25:20.352+0000] {processor.py:186} INFO - Started process (PID=298) to work on /opt/airflow/dags/my_dag.py
[2024-09-11T10:25:20.353+0000] {processor.py:914} INFO - Processing file /opt/airflow/dags/my_dag.py for tasks to queue
[2024-09-11T10:25:20.356+0000] {logging_mixin.py:190} INFO - [2024-09-11T10:25:20.356+0000] {dagbag.py:587} INFO - Filling up the DagBag from /opt/airflow/dags/my_dag.py
[2024-09-11T10:25:20.365+0000] {processor.py:925} INFO - DAG(s) 'simple_dag_example' retrieved from /opt/airflow/dags/my_dag.py
[2024-09-11T10:25:20.383+0000] {logging_mixin.py:190} INFO - [2024-09-11T10:25:20.383+0000] {dag.py:3229} INFO - Sync 1 DAGs
[2024-09-11T10:25:20.397+0000] {logging_mixin.py:190} INFO - [2024-09-11T10:25:20.397+0000] {dag.py:4156} INFO - Setting next_dagrun for simple_dag_example to 2023-09-10 00:00:00+00:00, run_after=2023-09-11 00:00:00+00:00
[2024-09-11T10:25:20.406+0000] {processor.py:208} INFO - Processing /opt/airflow/dags/my_dag.py took 0.061 seconds
[2024-09-11T10:25:50.631+0000] {processor.py:186} INFO - Started process (PID=305) to work on /opt/airflow/dags/my_dag.py
[2024-09-11T10:25:50.632+0000] {processor.py:914} INFO - Processing file /opt/airflow/dags/my_dag.py for tasks to queue
[2024-09-11T10:25:50.634+0000] {logging_mixin.py:190} INFO - [2024-09-11T10:25:50.634+0000] {dagbag.py:587} INFO - Filling up the DagBag from /opt/airflow/dags/my_dag.py
[2024-09-11T10:25:50.646+0000] {processor.py:925} INFO - DAG(s) 'simple_dag_example' retrieved from /opt/airflow/dags/my_dag.py
[2024-09-11T10:25:50.674+0000] {logging_mixin.py:190} INFO - [2024-09-11T10:25:50.673+0000] {dag.py:3229} INFO - Sync 1 DAGs
[2024-09-11T10:25:50.699+0000] {logging_mixin.py:190} INFO - [2024-09-11T10:25:50.698+0000] {dag.py:4156} INFO - Setting next_dagrun for simple_dag_example to 2023-09-10 00:00:00+00:00, run_after=2023-09-11 00:00:00+00:00
[2024-09-11T10:25:50.708+0000] {processor.py:208} INFO - Processing /opt/airflow/dags/my_dag.py took 0.083 seconds
[2024-09-11T10:26:20.897+0000] {processor.py:186} INFO - Started process (PID=312) to work on /opt/airflow/dags/my_dag.py
[2024-09-11T10:26:20.898+0000] {processor.py:914} INFO - Processing file /opt/airflow/dags/my_dag.py for tasks to queue
[2024-09-11T10:26:20.900+0000] {logging_mixin.py:190} INFO - [2024-09-11T10:26:20.900+0000] {dagbag.py:587} INFO - Filling up the DagBag from /opt/airflow/dags/my_dag.py
[2024-09-11T10:26:20.923+0000] {processor.py:925} INFO - DAG(s) 'simple_dag_example' retrieved from /opt/airflow/dags/my_dag.py
[2024-09-11T10:26:20.953+0000] {logging_mixin.py:190} INFO - [2024-09-11T10:26:20.953+0000] {dag.py:3229} INFO - Sync 1 DAGs
[2024-09-11T10:26:20.982+0000] {logging_mixin.py:190} INFO - [2024-09-11T10:26:20.982+0000] {dag.py:4156} INFO - Setting next_dagrun for simple_dag_example to 2023-09-10 00:00:00+00:00, run_after=2023-09-11 00:00:00+00:00
[2024-09-11T10:26:21.079+0000] {processor.py:208} INFO - Processing /opt/airflow/dags/my_dag.py took 0.189 seconds
[2024-09-11T10:26:51.173+0000] {processor.py:186} INFO - Started process (PID=319) to work on /opt/airflow/dags/my_dag.py
[2024-09-11T10:26:51.174+0000] {processor.py:914} INFO - Processing file /opt/airflow/dags/my_dag.py for tasks to queue
[2024-09-11T10:26:51.176+0000] {logging_mixin.py:190} INFO - [2024-09-11T10:26:51.176+0000] {dagbag.py:587} INFO - Filling up the DagBag from /opt/airflow/dags/my_dag.py
[2024-09-11T10:26:51.185+0000] {processor.py:925} INFO - DAG(s) 'simple_dag_example' retrieved from /opt/airflow/dags/my_dag.py
[2024-09-11T10:26:51.200+0000] {logging_mixin.py:190} INFO - [2024-09-11T10:26:51.200+0000] {dag.py:3229} INFO - Sync 1 DAGs
[2024-09-11T10:26:51.300+0000] {logging_mixin.py:190} INFO - [2024-09-11T10:26:51.300+0000] {dag.py:4156} INFO - Setting next_dagrun for simple_dag_example to 2023-09-10 00:00:00+00:00, run_after=2023-09-11 00:00:00+00:00
[2024-09-11T10:26:51.309+0000] {processor.py:208} INFO - Processing /opt/airflow/dags/my_dag.py took 0.142 seconds
[2024-09-11T10:27:25.182+0000] {processor.py:186} INFO - Started process (PID=44) to work on /opt/airflow/dags/my_dag.py
[2024-09-11T10:27:25.183+0000] {processor.py:914} INFO - Processing file /opt/airflow/dags/my_dag.py for tasks to queue
[2024-09-11T10:27:25.185+0000] {logging_mixin.py:190} INFO - [2024-09-11T10:27:25.184+0000] {dagbag.py:587} INFO - Filling up the DagBag from /opt/airflow/dags/my_dag.py
[2024-09-11T10:27:25.195+0000] {processor.py:925} INFO - DAG(s) 'simple_dag_example' retrieved from /opt/airflow/dags/my_dag.py
[2024-09-11T10:27:25.211+0000] {logging_mixin.py:190} INFO - [2024-09-11T10:27:25.211+0000] {dag.py:3229} INFO - Sync 1 DAGs
[2024-09-11T10:27:25.227+0000] {logging_mixin.py:190} INFO - [2024-09-11T10:27:25.227+0000] {dag.py:4156} INFO - Setting next_dagrun for simple_dag_example to 2023-09-10 00:00:00+00:00, run_after=2023-09-11 00:00:00+00:00
[2024-09-11T10:27:25.238+0000] {processor.py:208} INFO - Processing /opt/airflow/dags/my_dag.py took 0.061 seconds
[2024-09-11T10:27:55.351+0000] {processor.py:186} INFO - Started process (PID=51) to work on /opt/airflow/dags/my_dag.py
[2024-09-11T10:27:55.352+0000] {processor.py:914} INFO - Processing file /opt/airflow/dags/my_dag.py for tasks to queue
[2024-09-11T10:27:55.353+0000] {logging_mixin.py:190} INFO - [2024-09-11T10:27:55.353+0000] {dagbag.py:587} INFO - Filling up the DagBag from /opt/airflow/dags/my_dag.py
[2024-09-11T10:27:55.361+0000] {processor.py:925} INFO - DAG(s) 'simple_dag_example' retrieved from /opt/airflow/dags/my_dag.py
[2024-09-11T10:27:55.377+0000] {logging_mixin.py:190} INFO - [2024-09-11T10:27:55.377+0000] {dag.py:3229} INFO - Sync 1 DAGs
[2024-09-11T10:27:55.391+0000] {logging_mixin.py:190} INFO - [2024-09-11T10:27:55.391+0000] {dag.py:4156} INFO - Setting next_dagrun for simple_dag_example to 2023-09-10 00:00:00+00:00, run_after=2023-09-11 00:00:00+00:00
[2024-09-11T10:27:55.402+0000] {processor.py:208} INFO - Processing /opt/airflow/dags/my_dag.py took 0.054 seconds
[2024-09-11T10:28:25.633+0000] {processor.py:186} INFO - Started process (PID=58) to work on /opt/airflow/dags/my_dag.py
[2024-09-11T10:28:25.633+0000] {processor.py:914} INFO - Processing file /opt/airflow/dags/my_dag.py for tasks to queue
[2024-09-11T10:28:25.634+0000] {logging_mixin.py:190} INFO - [2024-09-11T10:28:25.634+0000] {dagbag.py:587} INFO - Filling up the DagBag from /opt/airflow/dags/my_dag.py
[2024-09-11T10:28:25.643+0000] {processor.py:925} INFO - DAG(s) 'simple_dag_example' retrieved from /opt/airflow/dags/my_dag.py
[2024-09-11T10:28:25.657+0000] {logging_mixin.py:190} INFO - [2024-09-11T10:28:25.656+0000] {dag.py:3229} INFO - Sync 1 DAGs
[2024-09-11T10:28:25.669+0000] {logging_mixin.py:190} INFO - [2024-09-11T10:28:25.669+0000] {dag.py:4156} INFO - Setting next_dagrun for simple_dag_example to 2023-09-10 00:00:00+00:00, run_after=2023-09-11 00:00:00+00:00
[2024-09-11T10:28:25.679+0000] {processor.py:208} INFO - Processing /opt/airflow/dags/my_dag.py took 0.050 seconds
[2024-09-11T10:28:55.825+0000] {processor.py:186} INFO - Started process (PID=65) to work on /opt/airflow/dags/my_dag.py
[2024-09-11T10:28:55.826+0000] {processor.py:914} INFO - Processing file /opt/airflow/dags/my_dag.py for tasks to queue
[2024-09-11T10:28:55.827+0000] {logging_mixin.py:190} INFO - [2024-09-11T10:28:55.827+0000] {dagbag.py:587} INFO - Filling up the DagBag from /opt/airflow/dags/my_dag.py
[2024-09-11T10:28:55.835+0000] {processor.py:925} INFO - DAG(s) 'simple_dag_example' retrieved from /opt/airflow/dags/my_dag.py
[2024-09-11T10:28:55.856+0000] {logging_mixin.py:190} INFO - [2024-09-11T10:28:55.856+0000] {dag.py:3229} INFO - Sync 1 DAGs
[2024-09-11T10:28:55.891+0000] {logging_mixin.py:190} INFO - [2024-09-11T10:28:55.890+0000] {dag.py:4156} INFO - Setting next_dagrun for simple_dag_example to 2023-09-10 00:00:00+00:00, run_after=2023-09-11 00:00:00+00:00
[2024-09-11T10:28:55.901+0000] {processor.py:208} INFO - Processing /opt/airflow/dags/my_dag.py took 0.083 seconds
[2024-09-11T10:29:26.066+0000] {processor.py:186} INFO - Started process (PID=72) to work on /opt/airflow/dags/my_dag.py
[2024-09-11T10:29:26.067+0000] {processor.py:914} INFO - Processing file /opt/airflow/dags/my_dag.py for tasks to queue
[2024-09-11T10:29:26.068+0000] {logging_mixin.py:190} INFO - [2024-09-11T10:29:26.068+0000] {dagbag.py:587} INFO - Filling up the DagBag from /opt/airflow/dags/my_dag.py
[2024-09-11T10:29:26.076+0000] {processor.py:925} INFO - DAG(s) 'simple_dag_example' retrieved from /opt/airflow/dags/my_dag.py
[2024-09-11T10:29:26.097+0000] {logging_mixin.py:190} INFO - [2024-09-11T10:29:26.097+0000] {dag.py:3229} INFO - Sync 1 DAGs
[2024-09-11T10:29:26.116+0000] {logging_mixin.py:190} INFO - [2024-09-11T10:29:26.116+0000] {dag.py:4156} INFO - Setting next_dagrun for simple_dag_example to 2023-09-10 00:00:00+00:00, run_after=2023-09-11 00:00:00+00:00
[2024-09-11T10:29:26.129+0000] {processor.py:208} INFO - Processing /opt/airflow/dags/my_dag.py took 0.074 seconds
[2024-09-11T10:29:56.318+0000] {processor.py:186} INFO - Started process (PID=79) to work on /opt/airflow/dags/my_dag.py
[2024-09-11T10:29:56.318+0000] {processor.py:914} INFO - Processing file /opt/airflow/dags/my_dag.py for tasks to queue
[2024-09-11T10:29:56.319+0000] {logging_mixin.py:190} INFO - [2024-09-11T10:29:56.319+0000] {dagbag.py:587} INFO - Filling up the DagBag from /opt/airflow/dags/my_dag.py
[2024-09-11T10:29:56.329+0000] {processor.py:925} INFO - DAG(s) 'simple_dag_example' retrieved from /opt/airflow/dags/my_dag.py
[2024-09-11T10:29:56.350+0000] {logging_mixin.py:190} INFO - [2024-09-11T10:29:56.349+0000] {dag.py:3229} INFO - Sync 1 DAGs
[2024-09-11T10:29:56.465+0000] {logging_mixin.py:190} INFO - [2024-09-11T10:29:56.464+0000] {dag.py:4156} INFO - Setting next_dagrun for simple_dag_example to 2023-09-10 00:00:00+00:00, run_after=2023-09-11 00:00:00+00:00
[2024-09-11T10:29:56.474+0000] {processor.py:208} INFO - Processing /opt/airflow/dags/my_dag.py took 0.160 seconds
[2024-09-11T10:30:26.614+0000] {processor.py:186} INFO - Started process (PID=86) to work on /opt/airflow/dags/my_dag.py
[2024-09-11T10:30:26.615+0000] {processor.py:914} INFO - Processing file /opt/airflow/dags/my_dag.py for tasks to queue
[2024-09-11T10:30:26.616+0000] {logging_mixin.py:190} INFO - [2024-09-11T10:30:26.616+0000] {dagbag.py:587} INFO - Filling up the DagBag from /opt/airflow/dags/my_dag.py
[2024-09-11T10:30:26.628+0000] {processor.py:925} INFO - DAG(s) 'simple_dag_example' retrieved from /opt/airflow/dags/my_dag.py
[2024-09-11T10:30:26.643+0000] {logging_mixin.py:190} INFO - [2024-09-11T10:30:26.643+0000] {dag.py:3229} INFO - Sync 1 DAGs
[2024-09-11T10:30:26.740+0000] {logging_mixin.py:190} INFO - [2024-09-11T10:30:26.740+0000] {dag.py:4156} INFO - Setting next_dagrun for simple_dag_example to 2023-09-10 00:00:00+00:00, run_after=2023-09-11 00:00:00+00:00
[2024-09-11T10:30:26.749+0000] {processor.py:208} INFO - Processing /opt/airflow/dags/my_dag.py took 0.141 seconds
[2024-09-11T10:30:56.844+0000] {processor.py:186} INFO - Started process (PID=93) to work on /opt/airflow/dags/my_dag.py
[2024-09-11T10:30:56.845+0000] {processor.py:914} INFO - Processing file /opt/airflow/dags/my_dag.py for tasks to queue
[2024-09-11T10:30:56.846+0000] {logging_mixin.py:190} INFO - [2024-09-11T10:30:56.846+0000] {dagbag.py:587} INFO - Filling up the DagBag from /opt/airflow/dags/my_dag.py
[2024-09-11T10:30:56.854+0000] {processor.py:925} INFO - DAG(s) 'simple_dag_example' retrieved from /opt/airflow/dags/my_dag.py
[2024-09-11T10:30:56.952+0000] {logging_mixin.py:190} INFO - [2024-09-11T10:30:56.951+0000] {dag.py:3229} INFO - Sync 1 DAGs
[2024-09-11T10:30:56.968+0000] {logging_mixin.py:190} INFO - [2024-09-11T10:30:56.967+0000] {dag.py:4156} INFO - Setting next_dagrun for simple_dag_example to 2023-09-10 00:00:00+00:00, run_after=2023-09-11 00:00:00+00:00
[2024-09-11T10:30:56.987+0000] {processor.py:208} INFO - Processing /opt/airflow/dags/my_dag.py took 0.149 seconds
[2024-09-11T10:31:27.202+0000] {processor.py:186} INFO - Started process (PID=100) to work on /opt/airflow/dags/my_dag.py
[2024-09-11T10:31:27.203+0000] {processor.py:914} INFO - Processing file /opt/airflow/dags/my_dag.py for tasks to queue
[2024-09-11T10:31:27.205+0000] {logging_mixin.py:190} INFO - [2024-09-11T10:31:27.204+0000] {dagbag.py:587} INFO - Filling up the DagBag from /opt/airflow/dags/my_dag.py
[2024-09-11T10:31:27.297+0000] {processor.py:925} INFO - DAG(s) 'simple_dag_example' retrieved from /opt/airflow/dags/my_dag.py
[2024-09-11T10:31:27.315+0000] {logging_mixin.py:190} INFO - [2024-09-11T10:31:27.315+0000] {dag.py:3229} INFO - Sync 1 DAGs
[2024-09-11T10:31:27.334+0000] {logging_mixin.py:190} INFO - [2024-09-11T10:31:27.334+0000] {dag.py:4156} INFO - Setting next_dagrun for simple_dag_example to 2023-09-10 00:00:00+00:00, run_after=2023-09-11 00:00:00+00:00
[2024-09-11T10:31:27.346+0000] {processor.py:208} INFO - Processing /opt/airflow/dags/my_dag.py took 0.152 seconds
[2024-09-11T10:31:57.541+0000] {processor.py:186} INFO - Started process (PID=107) to work on /opt/airflow/dags/my_dag.py
[2024-09-11T10:31:57.542+0000] {processor.py:914} INFO - Processing file /opt/airflow/dags/my_dag.py for tasks to queue
[2024-09-11T10:31:57.544+0000] {logging_mixin.py:190} INFO - [2024-09-11T10:31:57.544+0000] {dagbag.py:587} INFO - Filling up the DagBag from /opt/airflow/dags/my_dag.py
[2024-09-11T10:31:57.553+0000] {processor.py:925} INFO - DAG(s) 'simple_dag_example' retrieved from /opt/airflow/dags/my_dag.py
[2024-09-11T10:31:57.571+0000] {logging_mixin.py:190} INFO - [2024-09-11T10:31:57.571+0000] {dag.py:3229} INFO - Sync 1 DAGs
[2024-09-11T10:31:57.590+0000] {logging_mixin.py:190} INFO - [2024-09-11T10:31:57.589+0000] {dag.py:4156} INFO - Setting next_dagrun for simple_dag_example to 2023-09-10 00:00:00+00:00, run_after=2023-09-11 00:00:00+00:00
[2024-09-11T10:31:57.607+0000] {processor.py:208} INFO - Processing /opt/airflow/dags/my_dag.py took 0.075 seconds
[2024-09-11T10:32:27.775+0000] {processor.py:186} INFO - Started process (PID=114) to work on /opt/airflow/dags/my_dag.py
[2024-09-11T10:32:27.776+0000] {processor.py:914} INFO - Processing file /opt/airflow/dags/my_dag.py for tasks to queue
[2024-09-11T10:32:27.779+0000] {logging_mixin.py:190} INFO - [2024-09-11T10:32:27.778+0000] {dagbag.py:587} INFO - Filling up the DagBag from /opt/airflow/dags/my_dag.py
[2024-09-11T10:32:27.821+0000] {processor.py:925} INFO - DAG(s) 'simple_dag_example' retrieved from /opt/airflow/dags/my_dag.py
[2024-09-11T10:32:27.848+0000] {logging_mixin.py:190} INFO - [2024-09-11T10:32:27.847+0000] {dag.py:3229} INFO - Sync 1 DAGs
[2024-09-11T10:32:27.864+0000] {logging_mixin.py:190} INFO - [2024-09-11T10:32:27.864+0000] {dag.py:4156} INFO - Setting next_dagrun for simple_dag_example to 2023-09-10 00:00:00+00:00, run_after=2023-09-11 00:00:00+00:00
[2024-09-11T10:32:27.873+0000] {processor.py:208} INFO - Processing /opt/airflow/dags/my_dag.py took 0.104 seconds
[2024-09-11T10:32:57.990+0000] {processor.py:186} INFO - Started process (PID=127) to work on /opt/airflow/dags/my_dag.py
[2024-09-11T10:32:57.991+0000] {processor.py:914} INFO - Processing file /opt/airflow/dags/my_dag.py for tasks to queue
[2024-09-11T10:32:57.993+0000] {logging_mixin.py:190} INFO - [2024-09-11T10:32:57.993+0000] {dagbag.py:587} INFO - Filling up the DagBag from /opt/airflow/dags/my_dag.py
[2024-09-11T10:32:58.002+0000] {processor.py:925} INFO - DAG(s) 'simple_dag_example' retrieved from /opt/airflow/dags/my_dag.py
[2024-09-11T10:32:58.017+0000] {logging_mixin.py:190} INFO - [2024-09-11T10:32:58.017+0000] {dag.py:3229} INFO - Sync 1 DAGs
[2024-09-11T10:32:58.030+0000] {logging_mixin.py:190} INFO - [2024-09-11T10:32:58.030+0000] {dag.py:4156} INFO - Setting next_dagrun for simple_dag_example to 2023-09-10 00:00:00+00:00, run_after=2023-09-11 00:00:00+00:00
[2024-09-11T10:32:58.040+0000] {processor.py:208} INFO - Processing /opt/airflow/dags/my_dag.py took 0.054 seconds
[2024-09-11T10:33:28.251+0000] {processor.py:186} INFO - Started process (PID=134) to work on /opt/airflow/dags/my_dag.py
[2024-09-11T10:33:28.251+0000] {processor.py:914} INFO - Processing file /opt/airflow/dags/my_dag.py for tasks to queue
[2024-09-11T10:33:28.253+0000] {logging_mixin.py:190} INFO - [2024-09-11T10:33:28.253+0000] {dagbag.py:587} INFO - Filling up the DagBag from /opt/airflow/dags/my_dag.py
[2024-09-11T10:33:28.263+0000] {processor.py:925} INFO - DAG(s) 'simple_dag_example' retrieved from /opt/airflow/dags/my_dag.py
[2024-09-11T10:33:28.277+0000] {logging_mixin.py:190} INFO - [2024-09-11T10:33:28.276+0000] {dag.py:3229} INFO - Sync 1 DAGs
[2024-09-11T10:33:28.289+0000] {logging_mixin.py:190} INFO - [2024-09-11T10:33:28.289+0000] {dag.py:4156} INFO - Setting next_dagrun for simple_dag_example to 2023-09-10 00:00:00+00:00, run_after=2023-09-11 00:00:00+00:00
[2024-09-11T10:33:28.299+0000] {processor.py:208} INFO - Processing /opt/airflow/dags/my_dag.py took 0.052 seconds
[2024-09-11T10:33:58.515+0000] {processor.py:186} INFO - Started process (PID=141) to work on /opt/airflow/dags/my_dag.py
[2024-09-11T10:33:58.515+0000] {processor.py:914} INFO - Processing file /opt/airflow/dags/my_dag.py for tasks to queue
[2024-09-11T10:33:58.516+0000] {logging_mixin.py:190} INFO - [2024-09-11T10:33:58.516+0000] {dagbag.py:587} INFO - Filling up the DagBag from /opt/airflow/dags/my_dag.py
[2024-09-11T10:33:58.524+0000] {processor.py:925} INFO - DAG(s) 'simple_dag_example' retrieved from /opt/airflow/dags/my_dag.py
[2024-09-11T10:33:58.538+0000] {logging_mixin.py:190} INFO - [2024-09-11T10:33:58.538+0000] {dag.py:3229} INFO - Sync 1 DAGs
[2024-09-11T10:33:58.552+0000] {logging_mixin.py:190} INFO - [2024-09-11T10:33:58.552+0000] {dag.py:4156} INFO - Setting next_dagrun for simple_dag_example to 2023-09-10 00:00:00+00:00, run_after=2023-09-11 00:00:00+00:00
[2024-09-11T10:33:58.561+0000] {processor.py:208} INFO - Processing /opt/airflow/dags/my_dag.py took 0.049 seconds
[2024-09-11T10:34:28.738+0000] {processor.py:186} INFO - Started process (PID=148) to work on /opt/airflow/dags/my_dag.py
[2024-09-11T10:34:28.738+0000] {processor.py:914} INFO - Processing file /opt/airflow/dags/my_dag.py for tasks to queue
[2024-09-11T10:34:28.740+0000] {logging_mixin.py:190} INFO - [2024-09-11T10:34:28.739+0000] {dagbag.py:587} INFO - Filling up the DagBag from /opt/airflow/dags/my_dag.py
[2024-09-11T10:34:28.750+0000] {processor.py:925} INFO - DAG(s) 'simple_dag_example' retrieved from /opt/airflow/dags/my_dag.py
[2024-09-11T10:34:28.769+0000] {logging_mixin.py:190} INFO - [2024-09-11T10:34:28.768+0000] {dag.py:3229} INFO - Sync 1 DAGs
[2024-09-11T10:34:28.788+0000] {logging_mixin.py:190} INFO - [2024-09-11T10:34:28.788+0000] {dag.py:4156} INFO - Setting next_dagrun for simple_dag_example to 2023-09-10 00:00:00+00:00, run_after=2023-09-11 00:00:00+00:00
[2024-09-11T10:34:28.798+0000] {processor.py:208} INFO - Processing /opt/airflow/dags/my_dag.py took 0.064 seconds
[2024-09-11T10:34:58.931+0000] {processor.py:186} INFO - Started process (PID=155) to work on /opt/airflow/dags/my_dag.py
[2024-09-11T10:34:58.933+0000] {processor.py:914} INFO - Processing file /opt/airflow/dags/my_dag.py for tasks to queue
[2024-09-11T10:34:58.935+0000] {logging_mixin.py:190} INFO - [2024-09-11T10:34:58.935+0000] {dagbag.py:587} INFO - Filling up the DagBag from /opt/airflow/dags/my_dag.py
[2024-09-11T10:34:58.951+0000] {processor.py:925} INFO - DAG(s) 'simple_dag_example' retrieved from /opt/airflow/dags/my_dag.py
[2024-09-11T10:34:58.973+0000] {logging_mixin.py:190} INFO - [2024-09-11T10:34:58.973+0000] {dag.py:3229} INFO - Sync 1 DAGs
[2024-09-11T10:34:58.987+0000] {logging_mixin.py:190} INFO - [2024-09-11T10:34:58.987+0000] {dag.py:4156} INFO - Setting next_dagrun for simple_dag_example to 2023-09-10 00:00:00+00:00, run_after=2023-09-11 00:00:00+00:00
[2024-09-11T10:34:58.996+0000] {processor.py:208} INFO - Processing /opt/airflow/dags/my_dag.py took 0.070 seconds
[2024-09-11T10:35:29.147+0000] {processor.py:186} INFO - Started process (PID=162) to work on /opt/airflow/dags/my_dag.py
[2024-09-11T10:35:29.148+0000] {processor.py:914} INFO - Processing file /opt/airflow/dags/my_dag.py for tasks to queue
[2024-09-11T10:35:29.151+0000] {logging_mixin.py:190} INFO - [2024-09-11T10:35:29.150+0000] {dagbag.py:587} INFO - Filling up the DagBag from /opt/airflow/dags/my_dag.py
[2024-09-11T10:35:29.159+0000] {processor.py:925} INFO - DAG(s) 'simple_dag_example' retrieved from /opt/airflow/dags/my_dag.py
[2024-09-11T10:35:29.175+0000] {logging_mixin.py:190} INFO - [2024-09-11T10:35:29.175+0000] {dag.py:3229} INFO - Sync 1 DAGs
[2024-09-11T10:35:29.189+0000] {logging_mixin.py:190} INFO - [2024-09-11T10:35:29.189+0000] {dag.py:4156} INFO - Setting next_dagrun for simple_dag_example to 2023-09-10 00:00:00+00:00, run_after=2023-09-11 00:00:00+00:00
[2024-09-11T10:35:29.199+0000] {processor.py:208} INFO - Processing /opt/airflow/dags/my_dag.py took 0.057 seconds
[2024-09-11T10:35:59.385+0000] {processor.py:186} INFO - Started process (PID=169) to work on /opt/airflow/dags/my_dag.py
[2024-09-11T10:35:59.385+0000] {processor.py:914} INFO - Processing file /opt/airflow/dags/my_dag.py for tasks to queue
[2024-09-11T10:35:59.386+0000] {logging_mixin.py:190} INFO - [2024-09-11T10:35:59.386+0000] {dagbag.py:587} INFO - Filling up the DagBag from /opt/airflow/dags/my_dag.py
[2024-09-11T10:35:59.394+0000] {processor.py:925} INFO - DAG(s) 'simple_dag_example' retrieved from /opt/airflow/dags/my_dag.py
[2024-09-11T10:35:59.415+0000] {logging_mixin.py:190} INFO - [2024-09-11T10:35:59.415+0000] {dag.py:3229} INFO - Sync 1 DAGs
[2024-09-11T10:35:59.433+0000] {logging_mixin.py:190} INFO - [2024-09-11T10:35:59.432+0000] {dag.py:4156} INFO - Setting next_dagrun for simple_dag_example to 2023-09-10 00:00:00+00:00, run_after=2023-09-11 00:00:00+00:00
[2024-09-11T10:35:59.445+0000] {processor.py:208} INFO - Processing /opt/airflow/dags/my_dag.py took 0.064 seconds
[2024-09-11T10:36:29.686+0000] {processor.py:186} INFO - Started process (PID=176) to work on /opt/airflow/dags/my_dag.py
[2024-09-11T10:36:29.687+0000] {processor.py:914} INFO - Processing file /opt/airflow/dags/my_dag.py for tasks to queue
[2024-09-11T10:36:29.688+0000] {logging_mixin.py:190} INFO - [2024-09-11T10:36:29.688+0000] {dagbag.py:587} INFO - Filling up the DagBag from /opt/airflow/dags/my_dag.py
[2024-09-11T10:36:29.698+0000] {processor.py:925} INFO - DAG(s) 'simple_dag_example' retrieved from /opt/airflow/dags/my_dag.py
[2024-09-11T10:36:29.713+0000] {logging_mixin.py:190} INFO - [2024-09-11T10:36:29.713+0000] {dag.py:3229} INFO - Sync 1 DAGs
[2024-09-11T10:36:29.726+0000] {logging_mixin.py:190} INFO - [2024-09-11T10:36:29.726+0000] {dag.py:4156} INFO - Setting next_dagrun for simple_dag_example to 2023-09-10 00:00:00+00:00, run_after=2023-09-11 00:00:00+00:00
[2024-09-11T10:36:29.735+0000] {processor.py:208} INFO - Processing /opt/airflow/dags/my_dag.py took 0.053 seconds
[2024-09-11T10:36:59.878+0000] {processor.py:186} INFO - Started process (PID=183) to work on /opt/airflow/dags/my_dag.py
[2024-09-11T10:36:59.878+0000] {processor.py:914} INFO - Processing file /opt/airflow/dags/my_dag.py for tasks to queue
[2024-09-11T10:36:59.880+0000] {logging_mixin.py:190} INFO - [2024-09-11T10:36:59.880+0000] {dagbag.py:587} INFO - Filling up the DagBag from /opt/airflow/dags/my_dag.py
[2024-09-11T10:36:59.892+0000] {processor.py:925} INFO - DAG(s) 'simple_dag_example' retrieved from /opt/airflow/dags/my_dag.py
[2024-09-11T10:36:59.906+0000] {logging_mixin.py:190} INFO - [2024-09-11T10:36:59.906+0000] {dag.py:3229} INFO - Sync 1 DAGs
[2024-09-11T10:36:59.920+0000] {logging_mixin.py:190} INFO - [2024-09-11T10:36:59.920+0000] {dag.py:4156} INFO - Setting next_dagrun for simple_dag_example to 2023-09-10 00:00:00+00:00, run_after=2023-09-11 00:00:00+00:00
[2024-09-11T10:36:59.929+0000] {processor.py:208} INFO - Processing /opt/airflow/dags/my_dag.py took 0.055 seconds
[2024-09-11T10:37:30.177+0000] {processor.py:186} INFO - Started process (PID=190) to work on /opt/airflow/dags/my_dag.py
[2024-09-11T10:37:30.178+0000] {processor.py:914} INFO - Processing file /opt/airflow/dags/my_dag.py for tasks to queue
[2024-09-11T10:37:30.180+0000] {logging_mixin.py:190} INFO - [2024-09-11T10:37:30.180+0000] {dagbag.py:587} INFO - Filling up the DagBag from /opt/airflow/dags/my_dag.py
[2024-09-11T10:37:30.193+0000] {processor.py:925} INFO - DAG(s) 'simple_dag_example' retrieved from /opt/airflow/dags/my_dag.py
[2024-09-11T10:37:30.220+0000] {logging_mixin.py:190} INFO - [2024-09-11T10:37:30.220+0000] {dag.py:3229} INFO - Sync 1 DAGs
[2024-09-11T10:37:30.235+0000] {logging_mixin.py:190} INFO - [2024-09-11T10:37:30.235+0000] {dag.py:4156} INFO - Setting next_dagrun for simple_dag_example to 2023-09-10 00:00:00+00:00, run_after=2023-09-11 00:00:00+00:00
[2024-09-11T10:37:30.245+0000] {processor.py:208} INFO - Processing /opt/airflow/dags/my_dag.py took 0.075 seconds
[2024-09-11T10:38:00.411+0000] {processor.py:186} INFO - Started process (PID=197) to work on /opt/airflow/dags/my_dag.py
[2024-09-11T10:38:00.413+0000] {processor.py:914} INFO - Processing file /opt/airflow/dags/my_dag.py for tasks to queue
[2024-09-11T10:38:00.417+0000] {logging_mixin.py:190} INFO - [2024-09-11T10:38:00.417+0000] {dagbag.py:587} INFO - Filling up the DagBag from /opt/airflow/dags/my_dag.py
[2024-09-11T10:38:00.433+0000] {processor.py:925} INFO - DAG(s) 'simple_dag_example' retrieved from /opt/airflow/dags/my_dag.py
[2024-09-11T10:38:00.447+0000] {logging_mixin.py:190} INFO - [2024-09-11T10:38:00.447+0000] {dag.py:3229} INFO - Sync 1 DAGs
[2024-09-11T10:38:00.461+0000] {logging_mixin.py:190} INFO - [2024-09-11T10:38:00.461+0000] {dag.py:4156} INFO - Setting next_dagrun for simple_dag_example to 2023-09-10 00:00:00+00:00, run_after=2023-09-11 00:00:00+00:00
[2024-09-11T10:38:00.471+0000] {processor.py:208} INFO - Processing /opt/airflow/dags/my_dag.py took 0.068 seconds
[2024-09-11T10:38:30.677+0000] {processor.py:186} INFO - Started process (PID=204) to work on /opt/airflow/dags/my_dag.py
[2024-09-11T10:38:30.677+0000] {processor.py:914} INFO - Processing file /opt/airflow/dags/my_dag.py for tasks to queue
[2024-09-11T10:38:30.679+0000] {logging_mixin.py:190} INFO - [2024-09-11T10:38:30.679+0000] {dagbag.py:587} INFO - Filling up the DagBag from /opt/airflow/dags/my_dag.py
[2024-09-11T10:38:30.687+0000] {processor.py:925} INFO - DAG(s) 'simple_dag_example' retrieved from /opt/airflow/dags/my_dag.py
[2024-09-11T10:38:30.700+0000] {logging_mixin.py:190} INFO - [2024-09-11T10:38:30.700+0000] {dag.py:3229} INFO - Sync 1 DAGs
[2024-09-11T10:38:30.714+0000] {logging_mixin.py:190} INFO - [2024-09-11T10:38:30.713+0000] {dag.py:4156} INFO - Setting next_dagrun for simple_dag_example to 2023-09-10 00:00:00+00:00, run_after=2023-09-11 00:00:00+00:00
[2024-09-11T10:38:30.723+0000] {processor.py:208} INFO - Processing /opt/airflow/dags/my_dag.py took 0.049 seconds
[2024-09-11T10:39:00.940+0000] {processor.py:186} INFO - Started process (PID=211) to work on /opt/airflow/dags/my_dag.py
[2024-09-11T10:39:00.941+0000] {processor.py:914} INFO - Processing file /opt/airflow/dags/my_dag.py for tasks to queue
[2024-09-11T10:39:00.942+0000] {logging_mixin.py:190} INFO - [2024-09-11T10:39:00.942+0000] {dagbag.py:587} INFO - Filling up the DagBag from /opt/airflow/dags/my_dag.py
[2024-09-11T10:39:00.950+0000] {processor.py:925} INFO - DAG(s) 'simple_dag_example' retrieved from /opt/airflow/dags/my_dag.py
[2024-09-11T10:39:00.964+0000] {logging_mixin.py:190} INFO - [2024-09-11T10:39:00.964+0000] {dag.py:3229} INFO - Sync 1 DAGs
[2024-09-11T10:39:00.977+0000] {logging_mixin.py:190} INFO - [2024-09-11T10:39:00.977+0000] {dag.py:4156} INFO - Setting next_dagrun for simple_dag_example to 2023-09-10 00:00:00+00:00, run_after=2023-09-11 00:00:00+00:00
[2024-09-11T10:39:00.986+0000] {processor.py:208} INFO - Processing /opt/airflow/dags/my_dag.py took 0.053 seconds
[2024-09-11T10:39:31.217+0000] {processor.py:186} INFO - Started process (PID=218) to work on /opt/airflow/dags/my_dag.py
[2024-09-11T10:39:31.218+0000] {processor.py:914} INFO - Processing file /opt/airflow/dags/my_dag.py for tasks to queue
[2024-09-11T10:39:31.220+0000] {logging_mixin.py:190} INFO - [2024-09-11T10:39:31.219+0000] {dagbag.py:587} INFO - Filling up the DagBag from /opt/airflow/dags/my_dag.py
[2024-09-11T10:39:31.230+0000] {processor.py:925} INFO - DAG(s) 'simple_dag_example' retrieved from /opt/airflow/dags/my_dag.py
[2024-09-11T10:39:31.244+0000] {logging_mixin.py:190} INFO - [2024-09-11T10:39:31.244+0000] {dag.py:3229} INFO - Sync 1 DAGs
[2024-09-11T10:39:31.256+0000] {logging_mixin.py:190} INFO - [2024-09-11T10:39:31.256+0000] {dag.py:4156} INFO - Setting next_dagrun for simple_dag_example to 2023-09-10 00:00:00+00:00, run_after=2023-09-11 00:00:00+00:00
[2024-09-11T10:39:31.264+0000] {processor.py:208} INFO - Processing /opt/airflow/dags/my_dag.py took 0.051 seconds
[2024-09-11T10:40:01.432+0000] {processor.py:186} INFO - Started process (PID=225) to work on /opt/airflow/dags/my_dag.py
[2024-09-11T10:40:01.433+0000] {processor.py:914} INFO - Processing file /opt/airflow/dags/my_dag.py for tasks to queue
[2024-09-11T10:40:01.434+0000] {logging_mixin.py:190} INFO - [2024-09-11T10:40:01.433+0000] {dagbag.py:587} INFO - Filling up the DagBag from /opt/airflow/dags/my_dag.py
[2024-09-11T10:40:01.441+0000] {processor.py:925} INFO - DAG(s) 'simple_dag_example' retrieved from /opt/airflow/dags/my_dag.py
[2024-09-11T10:40:01.456+0000] {logging_mixin.py:190} INFO - [2024-09-11T10:40:01.456+0000] {dag.py:3229} INFO - Sync 1 DAGs
[2024-09-11T10:40:01.469+0000] {logging_mixin.py:190} INFO - [2024-09-11T10:40:01.469+0000] {dag.py:4156} INFO - Setting next_dagrun for simple_dag_example to 2023-09-10 00:00:00+00:00, run_after=2023-09-11 00:00:00+00:00
[2024-09-11T10:40:01.478+0000] {processor.py:208} INFO - Processing /opt/airflow/dags/my_dag.py took 0.050 seconds
[2024-09-11T10:40:31.649+0000] {processor.py:186} INFO - Started process (PID=232) to work on /opt/airflow/dags/my_dag.py
[2024-09-11T10:40:31.650+0000] {processor.py:914} INFO - Processing file /opt/airflow/dags/my_dag.py for tasks to queue
[2024-09-11T10:40:31.654+0000] {logging_mixin.py:190} INFO - [2024-09-11T10:40:31.653+0000] {dagbag.py:587} INFO - Filling up the DagBag from /opt/airflow/dags/my_dag.py
[2024-09-11T10:40:31.664+0000] {processor.py:925} INFO - DAG(s) 'simple_dag_example' retrieved from /opt/airflow/dags/my_dag.py
[2024-09-11T10:40:31.689+0000] {logging_mixin.py:190} INFO - [2024-09-11T10:40:31.688+0000] {dag.py:3229} INFO - Sync 1 DAGs
[2024-09-11T10:40:31.708+0000] {logging_mixin.py:190} INFO - [2024-09-11T10:40:31.707+0000] {dag.py:4156} INFO - Setting next_dagrun for simple_dag_example to 2023-09-10 00:00:00+00:00, run_after=2023-09-11 00:00:00+00:00
[2024-09-11T10:40:31.716+0000] {processor.py:208} INFO - Processing /opt/airflow/dags/my_dag.py took 0.076 seconds
[2024-09-11T10:41:01.877+0000] {processor.py:186} INFO - Started process (PID=239) to work on /opt/airflow/dags/my_dag.py
[2024-09-11T10:41:01.878+0000] {processor.py:914} INFO - Processing file /opt/airflow/dags/my_dag.py for tasks to queue
[2024-09-11T10:41:01.882+0000] {logging_mixin.py:190} INFO - [2024-09-11T10:41:01.881+0000] {dagbag.py:587} INFO - Filling up the DagBag from /opt/airflow/dags/my_dag.py
[2024-09-11T10:41:01.900+0000] {processor.py:925} INFO - DAG(s) 'simple_dag_example' retrieved from /opt/airflow/dags/my_dag.py
[2024-09-11T10:41:01.915+0000] {logging_mixin.py:190} INFO - [2024-09-11T10:41:01.915+0000] {dag.py:3229} INFO - Sync 1 DAGs
[2024-09-11T10:41:01.929+0000] {logging_mixin.py:190} INFO - [2024-09-11T10:41:01.929+0000] {dag.py:4156} INFO - Setting next_dagrun for simple_dag_example to 2023-09-10 00:00:00+00:00, run_after=2023-09-11 00:00:00+00:00
[2024-09-11T10:41:01.938+0000] {processor.py:208} INFO - Processing /opt/airflow/dags/my_dag.py took 0.074 seconds
[2024-09-11T10:41:32.116+0000] {processor.py:186} INFO - Started process (PID=246) to work on /opt/airflow/dags/my_dag.py
[2024-09-11T10:41:32.117+0000] {processor.py:914} INFO - Processing file /opt/airflow/dags/my_dag.py for tasks to queue
[2024-09-11T10:41:32.118+0000] {logging_mixin.py:190} INFO - [2024-09-11T10:41:32.118+0000] {dagbag.py:587} INFO - Filling up the DagBag from /opt/airflow/dags/my_dag.py
[2024-09-11T10:41:32.127+0000] {processor.py:925} INFO - DAG(s) 'simple_dag_example' retrieved from /opt/airflow/dags/my_dag.py
[2024-09-11T10:41:32.150+0000] {logging_mixin.py:190} INFO - [2024-09-11T10:41:32.150+0000] {dag.py:3229} INFO - Sync 1 DAGs
[2024-09-11T10:41:32.177+0000] {logging_mixin.py:190} INFO - [2024-09-11T10:41:32.176+0000] {dag.py:4156} INFO - Setting next_dagrun for simple_dag_example to 2023-09-10 00:00:00+00:00, run_after=2023-09-11 00:00:00+00:00
[2024-09-11T10:41:32.195+0000] {processor.py:208} INFO - Processing /opt/airflow/dags/my_dag.py took 0.084 seconds
[2024-09-11T10:42:02.340+0000] {processor.py:186} INFO - Started process (PID=253) to work on /opt/airflow/dags/my_dag.py
[2024-09-11T10:42:02.342+0000] {processor.py:914} INFO - Processing file /opt/airflow/dags/my_dag.py for tasks to queue
[2024-09-11T10:42:02.345+0000] {logging_mixin.py:190} INFO - [2024-09-11T10:42:02.345+0000] {dagbag.py:587} INFO - Filling up the DagBag from /opt/airflow/dags/my_dag.py
[2024-09-11T10:42:02.355+0000] {processor.py:925} INFO - DAG(s) 'simple_dag_example' retrieved from /opt/airflow/dags/my_dag.py
[2024-09-11T10:42:02.376+0000] {logging_mixin.py:190} INFO - [2024-09-11T10:42:02.375+0000] {dag.py:3229} INFO - Sync 1 DAGs
[2024-09-11T10:42:02.404+0000] {logging_mixin.py:190} INFO - [2024-09-11T10:42:02.404+0000] {dag.py:4156} INFO - Setting next_dagrun for simple_dag_example to 2023-09-10 00:00:00+00:00, run_after=2023-09-11 00:00:00+00:00
[2024-09-11T10:42:02.424+0000] {processor.py:208} INFO - Processing /opt/airflow/dags/my_dag.py took 0.092 seconds
