[2024-09-11T18:53:38.405+0000] {local_task_job_runner.py:123} INFO - ::group::Pre task execution logs
[2024-09-11T18:53:38.417+0000] {taskinstance.py:2612} INFO - Dependencies all met for dep_context=non-requeueable deps ti=<TaskInstance: docker_operator_example.run_docker_container manual__2024-09-11T18:04:49.880055+00:00 [queued]>
[2024-09-11T18:53:38.423+0000] {taskinstance.py:2612} INFO - Dependencies all met for dep_context=requeueable deps ti=<TaskInstance: docker_operator_example.run_docker_container manual__2024-09-11T18:04:49.880055+00:00 [queued]>
[2024-09-11T18:53:38.423+0000] {taskinstance.py:2865} INFO - Starting attempt 2 of 2
[2024-09-11T18:53:38.433+0000] {taskinstance.py:2888} INFO - Executing <Task(DockerOperator): run_docker_container> on 2024-09-11 18:04:49.880055+00:00
[2024-09-11T18:53:38.437+0000] {standard_task_runner.py:72} INFO - Started process 179 to run task
[2024-09-11T18:53:38.439+0000] {standard_task_runner.py:104} INFO - Running: ['***', 'tasks', 'run', 'docker_operator_example', 'run_docker_container', 'manual__2024-09-11T18:04:49.880055+00:00', '--job-id', '281', '--raw', '--subdir', 'DAGS_FOLDER/my_dag.py', '--cfg-path', '/tmp/tmpj3vtcwta']
[2024-09-11T18:53:38.441+0000] {standard_task_runner.py:105} INFO - Job 281: Subtask run_docker_container
[2024-09-11T18:53:38.469+0000] {task_command.py:467} INFO - Running <TaskInstance: docker_operator_example.run_docker_container manual__2024-09-11T18:04:49.880055+00:00 [running]> on host 8c7f0a0e6e80
[2024-09-11T18:53:38.520+0000] {taskinstance.py:3131} INFO - Exporting env vars: AIRFLOW_CTX_DAG_OWNER='***' AIRFLOW_CTX_DAG_ID='docker_operator_example' AIRFLOW_CTX_TASK_ID='run_docker_container' AIRFLOW_CTX_EXECUTION_DATE='2024-09-11T18:04:49.880055+00:00' AIRFLOW_CTX_TRY_NUMBER='2' AIRFLOW_CTX_DAG_RUN_ID='manual__2024-09-11T18:04:49.880055+00:00'
[2024-09-11T18:53:38.521+0000] {taskinstance.py:731} INFO - ::endgroup::
[2024-09-11T18:53:38.550+0000] {docker.py:496} INFO - ::group::Pulling docker image python:3.8-slim
[2024-09-11T18:53:39.963+0000] {docker.py:510} INFO - 3.8-slim: Pulling from library/python
[2024-09-11T18:53:40.345+0000] {docker.py:510} INFO - a2318d6c47ec: Already exists
[2024-09-11T18:53:40.354+0000] {docker.py:510} INFO - f5bf11ce6cc6: Pulling fs layer
[2024-09-11T18:53:40.354+0000] {docker.py:510} INFO - e59b1266b88a: Pulling fs layer
[2024-09-11T18:53:40.355+0000] {docker.py:510} INFO - 267fb18dff82: Pulling fs layer
[2024-09-11T18:53:40.355+0000] {docker.py:510} INFO - 707d2d4a2946: Pulling fs layer
[2024-09-11T18:53:40.355+0000] {docker.py:510} INFO - 707d2d4a2946: Waiting
[2024-09-11T18:53:40.744+0000] {docker.py:510} INFO - 267fb18dff82: Downloading
[2024-09-11T18:53:40.744+0000] {docker.py:510} INFO - 267fb18dff82: Verifying Checksum
[2024-09-11T18:53:40.745+0000] {docker.py:510} INFO - 267fb18dff82: Download complete
[2024-09-11T18:53:40.765+0000] {docker.py:510} INFO - f5bf11ce6cc6: Downloading
[2024-09-11T18:53:40.778+0000] {docker.py:510} INFO - e59b1266b88a: Downloading
[2024-09-11T18:53:40.840+0000] {docker.py:510} INFO - f5bf11ce6cc6: Verifying Checksum
[2024-09-11T18:53:40.840+0000] {docker.py:510} INFO - f5bf11ce6cc6: Download complete
[2024-09-11T18:53:40.841+0000] {docker.py:510} INFO - f5bf11ce6cc6: Extracting
[2024-09-11T18:53:40.931+0000] {docker.py:510} INFO - e59b1266b88a: Verifying Checksum
[2024-09-11T18:53:40.931+0000] {docker.py:510} INFO - e59b1266b88a: Download complete
[2024-09-11T18:53:40.940+0000] {docker.py:510} INFO - f5bf11ce6cc6: Pull complete
[2024-09-11T18:53:40.950+0000] {docker.py:510} INFO - e59b1266b88a: Extracting
[2024-09-11T18:53:41.151+0000] {docker.py:510} INFO - e59b1266b88a: Pull complete
[2024-09-11T18:53:41.159+0000] {docker.py:510} INFO - 707d2d4a2946: Downloading
[2024-09-11T18:53:41.160+0000] {docker.py:510} INFO - 267fb18dff82: Extracting
[2024-09-11T18:53:41.199+0000] {docker.py:510} INFO - 267fb18dff82: Pull complete
[2024-09-11T18:53:41.201+0000] {docker.py:510} INFO - 707d2d4a2946: Verifying Checksum
[2024-09-11T18:53:41.202+0000] {docker.py:510} INFO - 707d2d4a2946: Download complete
[2024-09-11T18:53:41.209+0000] {docker.py:510} INFO - 707d2d4a2946: Extracting
[2024-09-11T18:53:41.327+0000] {docker.py:510} INFO - 707d2d4a2946: Pull complete
[2024-09-11T18:53:41.346+0000] {docker.py:505} INFO - Digest: sha256:14609f2f25da3ba0ef9b80cf1c680875c048e60560f010e17532889a152dee89
[2024-09-11T18:53:41.355+0000] {docker.py:505} INFO - Status: Downloaded newer image for python:3.8-slim
[2024-09-11T18:53:41.357+0000] {docker.py:512} INFO - ::endgroup::
[2024-09-11T18:53:41.358+0000] {docker.py:367} INFO - Starting docker container from image python:3.8-slim
[2024-09-11T18:53:41.360+0000] {docker.py:375} WARNING - Using remote engine or docker-in-docker and mounting temporary volume from host is not supported. Falling back to `mount_tmp_dir=False` mode. You can set `mount_tmp_dir` parameter to False to disable mounting and remove the warning
[2024-09-11T18:53:41.635+0000] {docker.py:438} INFO - Hello from Docker!
[2024-09-11T18:53:41.778+0000] {taskinstance.py:340} INFO - ::group::Post task execution logs
[2024-09-11T18:53:41.778+0000] {taskinstance.py:352} INFO - Marking task as SUCCESS. dag_id=docker_operator_example, task_id=run_docker_container, run_id=manual__2024-09-11T18:04:49.880055+00:00, execution_date=20240911T180449, start_date=20240911T185338, end_date=20240911T185341
[2024-09-11T18:53:41.818+0000] {local_task_job_runner.py:266} INFO - Task exited with return code 0
[2024-09-11T18:53:41.827+0000] {taskinstance.py:3900} INFO - 0 downstream tasks scheduled from follow-on schedule check
[2024-09-11T18:53:41.828+0000] {local_task_job_runner.py:245} INFO - ::endgroup::
